ThePlug/app/build/intermediates/manifest_merge_blame_file/debug/manifest-merger-blame-debug-report.txt
1<?xml version="1.0" encoding="utf-8"?>
2<manifest xmlns:android="http://schemas.android.com/apk/res/android"
3    package="com.example.theplug"
4    android:versionCode="1"
5    android:versionName="1.0" >
6
7    <uses-sdk
8        android:minSdkVersion="16"
8-->src/main/AndroidManifest.xml
9        android:targetSdkVersion="29" />
9-->src/main/AndroidManifest.xml
10
11    <uses-permission android:name="android.permission.READ_EXTERNAL_STORAGE" />
11-->src/main/AndroidManifest.xml:5:5-80
11-->src/main/AndroidManifest.xml:5:22-77
12    <uses-permission android:name="android.permission.INTERNET" />
12-->src/main/AndroidManifest.xml:6:5-67
12-->src/main/AndroidManifest.xml:6:22-64
13
14    <!-- Although the *SdkVersion is captured in gradle build files, this is required for non gradle builds -->
15    <!-- <uses-sdk android:minSdkVersion="14"/> -->
16    <uses-permission android:name="android.permission.ACCESS_NETWORK_STATE" />
16-->[com.google.firebase:firebase-database:19.2.1] AndroidManifest.xml:25:5-79
16-->[com.google.firebase:firebase-database:19.2.1] AndroidManifest.xml:25:22-76
17
18    <application
18-->src/main/AndroidManifest.xml:8:5-180:19
19        android:allowBackup="true"
19-->src/main/AndroidManifest.xml:9:9-35
20        android:appComponentFactory="androidx.core.app.CoreComponentFactory"
20-->[androidx.core:core:1.1.0] AndroidManifest.xml:24:18-86
21        android:debuggable="true"
22        android:icon="@mipmap/ic_launcher"
22-->src/main/AndroidManifest.xml:10:9-43
23        android:label="@string/app_name"
23-->src/main/AndroidManifest.xml:11:9-41
24        android:roundIcon="@mipmap/ic_launcher_round"
24-->src/main/AndroidManifest.xml:12:9-54
25        android:supportsRtl="true"
25-->src/main/AndroidManifest.xml:13:9-35
26        android:testOnly="true"
27        android:theme="@style/Theme.AppCompat.Light.NoActionBar" > <!-- removes the default toolbar -->
27-->src/main/AndroidManifest.xml:14:9-65
28        <activity
28-->src/main/AndroidManifest.xml:15:9-22:20
29            android:name="com.example.theplug.HomeScreen"
29-->src/main/AndroidManifest.xml:16:13-39
30            android:parentActivityName="com.example.theplug.MainActivity" >
30-->src/main/AndroidManifest.xml:17:13-55
31
32            <!-- The meta-data tag is required if you support API level 15 and lower -->
33            <meta-data
33-->src/main/AndroidManifest.xml:19:13-21:49
34                android:name="android.support.PARENT_ACTIVITY"
34-->src/main/AndroidManifest.xml:20:17-63
35                android:value=".MainActivity" />
35-->src/main/AndroidManifest.xml:21:17-46
36        </activity>
37        <activity android:name="com.example.theplug.MainActivity" > <!-- removes the toolbar on the main page(Login page) -->
37-->src/main/AndroidManifest.xml:23:9-29:20
37-->src/main/AndroidManifest.xml:23:19-47
38            <intent-filter>
38-->src/main/AndroidManifest.xml:24:13-28:29
39                <action android:name="android.intent.action.MAIN" />
39-->src/main/AndroidManifest.xml:25:17-69
39-->src/main/AndroidManifest.xml:25:25-66
40
41                <category android:name="android.intent.category.LAUNCHER" />
41-->src/main/AndroidManifest.xml:27:17-77
41-->src/main/AndroidManifest.xml:27:27-74
42            </intent-filter>
43        </activity>
44        <activity
44-->src/main/AndroidManifest.xml:30:9-38:20
45            android:name="com.example.theplug.ProfileActivity"
45-->src/main/AndroidManifest.xml:31:13-44
46            android:parentActivityName="com.example.theplug.HomeScreen"
46-->src/main/AndroidManifest.xml:32:13-53
47            android:theme="@style/Theme.AppCompat.Light" >
47-->src/main/AndroidManifest.xml:33:13-57
48
49            <!-- The meta-data tag is required if you support API level 15 and lower -->
50            <meta-data
50-->src/main/AndroidManifest.xml:19:13-21:49
51                android:name="android.support.PARENT_ACTIVITY"
51-->src/main/AndroidManifest.xml:20:17-63
52                android:value=".HomeScreen" />
52-->src/main/AndroidManifest.xml:21:17-46
53        </activity>
54        <activity
54-->src/main/AndroidManifest.xml:39:9-46:20
55            android:name="com.example.theplug.SettingsActivity"
55-->src/main/AndroidManifest.xml:40:13-45
56            android:theme="@style/Theme.AppCompat.Light" >
56-->src/main/AndroidManifest.xml:41:13-57
57
58            <!-- The meta-data tag is required if you support API level 15 and lower -->
59            <meta-data
59-->src/main/AndroidManifest.xml:19:13-21:49
60                android:name="android.support.PARENT_ACTIVITY"
60-->src/main/AndroidManifest.xml:20:17-63
61                android:value=".HomeScreen" />
61-->src/main/AndroidManifest.xml:21:17-46
62        </activity>
63        <activity
63-->src/main/AndroidManifest.xml:47:9-54:20
64            android:name="com.example.theplug.MessagesActivity"
64-->src/main/AndroidManifest.xml:48:13-45
65            android:theme="@style/Theme.AppCompat.Light" >
65-->src/main/AndroidManifest.xml:49:13-57
66
67            <!-- The meta-data tag is required if you support API level 15 and lower -->
68            <meta-data
68-->src/main/AndroidManifest.xml:19:13-21:49
69                android:name="android.support.PARENT_ACTIVITY"
69-->src/main/AndroidManifest.xml:20:17-63
70                android:value=".HomeScreen" />
70-->src/main/AndroidManifest.xml:21:17-46
71        </activity>
72        <activity
72-->src/main/AndroidManifest.xml:55:9-62:20
73            android:name="com.example.theplug.TransactionsActivity"
73-->src/main/AndroidManifest.xml:56:13-49
74            android:theme="@style/Theme.AppCompat.Light" >
74-->src/main/AndroidManifest.xml:57:13-57
75
76            <!-- The meta-data tag is required if you support API level 15 and lower -->
77            <meta-data
77-->src/main/AndroidManifest.xml:19:13-21:49
78                android:name="android.support.PARENT_ACTIVITY"
78-->src/main/AndroidManifest.xml:20:17-63
79                android:value=".HomeScreen" />
79-->src/main/AndroidManifest.xml:21:17-46
80        </activity>
81        <activity
81-->src/main/AndroidManifest.xml:63:9-70:20
82            android:name="com.example.theplug.NewSaleActivity"
82-->src/main/AndroidManifest.xml:64:13-44
83            android:theme="@style/Theme.AppCompat.Light" >
83-->src/main/AndroidManifest.xml:65:13-57
84
85            <!-- The meta-data tag is required if you support API level 15 and lower -->
86            <meta-data
86-->src/main/AndroidManifest.xml:19:13-21:49
87                android:name="android.support.PARENT_ACTIVITY"
87-->src/main/AndroidManifest.xml:20:17-63
88                android:value=".HomeScreen" />
88-->src/main/AndroidManifest.xml:21:17-46
89        </activity>
90        <activity
90-->src/main/AndroidManifest.xml:71:9-78:20
91            android:name="com.example.theplug.ForgotPasswordActivity"
91-->src/main/AndroidManifest.xml:72:13-51
92            android:theme="@style/Theme.AppCompat.Light" >
92-->src/main/AndroidManifest.xml:73:13-57
93
94            <!-- The meta-data tag is required if you support API level 15 and lower -->
95            <meta-data
95-->src/main/AndroidManifest.xml:19:13-21:49
96                android:name="android.support.PARENT_ACTIVITY"
96-->src/main/AndroidManifest.xml:20:17-63
97                android:value=".HomeScreen" />
97-->src/main/AndroidManifest.xml:21:17-46
98        </activity>
99        <activity
99-->src/main/AndroidManifest.xml:79:9-86:20
100            android:name="com.example.theplug.ForgotUsernameActivity"
100-->src/main/AndroidManifest.xml:80:13-51
101            android:theme="@style/Theme.AppCompat.Light" >
101-->src/main/AndroidManifest.xml:81:13-57
102
103            <!-- The meta-data tag is required if you support API level 15 and lower -->
104            <meta-data
104-->src/main/AndroidManifest.xml:19:13-21:49
105                android:name="android.support.PARENT_ACTIVITY"
105-->src/main/AndroidManifest.xml:20:17-63
106                android:value=".HomeScreen" />
106-->src/main/AndroidManifest.xml:21:17-46
107        </activity>
108        <activity
108-->src/main/AndroidManifest.xml:87:9-94:20
109            android:name="com.example.theplug.SignUpActivity"
109-->src/main/AndroidManifest.xml:88:13-43
110            android:theme="@style/Theme.AppCompat.Light" >
110-->src/main/AndroidManifest.xml:89:13-57
111
112            <!-- The meta-data tag is required if you support API level 15 and lower -->
113            <meta-data
113-->src/main/AndroidManifest.xml:19:13-21:49
114                android:name="android.support.PARENT_ACTIVITY"
114-->src/main/AndroidManifest.xml:20:17-63
115                android:value=".HomeScreen" />
115-->src/main/AndroidManifest.xml:21:17-46
116        </activity>
117        <activity
117-->src/main/AndroidManifest.xml:96:9-103:20
118            android:name="com.example.theplug.ProfilePicChangeActivity"
118-->src/main/AndroidManifest.xml:97:13-53
119            android:theme="@style/Theme.AppCompat.Light" >
119-->src/main/AndroidManifest.xml:98:13-57
120
121            <!-- The meta-data tag is required if you support API level 15 and lower -->
122            <meta-data
122-->src/main/AndroidManifest.xml:19:13-21:49
123                android:name="android.support.PARENT_ACTIVITY"
123-->src/main/AndroidManifest.xml:20:17-63
124                android:value=".HomeScreen" />
124-->src/main/AndroidManifest.xml:21:17-46
125        </activity>
126        <activity
126-->src/main/AndroidManifest.xml:105:9-112:20
127            android:name="com.example.theplug.ViewProductActivity"
127-->src/main/AndroidManifest.xml:106:13-48
128            android:theme="@style/Theme.AppCompat.Light" >
128-->src/main/AndroidManifest.xml:107:13-57
129
130            <!-- The meta-data tag is required if you support API level 15 and lower -->
131            <meta-data
131-->src/main/AndroidManifest.xml:19:13-21:49
132                android:name="android.support.PARENT_ACTIVITY"
132-->src/main/AndroidManifest.xml:20:17-63
133                android:value=".HomeScreen" />
133-->src/main/AndroidManifest.xml:21:17-46
134        </activity>
135        <activity
135-->src/main/AndroidManifest.xml:114:9-121:20
136            android:name="com.example.theplug.ViewMessagesActivity"
136-->src/main/AndroidManifest.xml:115:13-49
137            android:theme="@style/Theme.AppCompat.Light" >
137-->src/main/AndroidManifest.xml:116:13-57
138
139            <!-- The meta-data tag is required if you support API level 15 and lower -->
140            <meta-data
140-->src/main/AndroidManifest.xml:19:13-21:49
141                android:name="android.support.PARENT_ACTIVITY"
141-->src/main/AndroidManifest.xml:20:17-63
142                android:value=".MessagesActivity" />
142-->src/main/AndroidManifest.xml:21:17-46
143        </activity>
144        <activity
144-->src/main/AndroidManifest.xml:123:9-130:20
145            android:name="com.example.theplug.ReviewsActivity"
145-->src/main/AndroidManifest.xml:124:13-44
146            android:theme="@style/Theme.AppCompat.Light" >
146-->src/main/AndroidManifest.xml:125:13-57
147
148            <!-- The meta-data tag is required if you support API level 15 and lower -->
149            <meta-data
149-->src/main/AndroidManifest.xml:19:13-21:49
150                android:name="android.support.PARENT_ACTIVITY"
150-->src/main/AndroidManifest.xml:20:17-63
151                android:value=".HomeScreen" />
151-->src/main/AndroidManifest.xml:21:17-46
152        </activity>
153        <activity
153-->src/main/AndroidManifest.xml:132:9-142:20
154            android:name="com.example.theplug.SearchActivity"
154-->src/main/AndroidManifest.xml:133:13-43
155            android:theme="@style/Theme.AppCompat.Light" >
155-->src/main/AndroidManifest.xml:134:13-57
156            <intent-filter>
156-->src/main/AndroidManifest.xml:135:13-137:29
157                <action android:name="android.intent.action.SEARCH" />
157-->src/main/AndroidManifest.xml:136:17-71
157-->src/main/AndroidManifest.xml:136:25-68
158            </intent-filter>
159            <!-- The meta-data tag is required if you support API level 15 and lower -->
160            <meta-data
160-->src/main/AndroidManifest.xml:19:13-21:49
161                android:name="android.support.PARENT_ACTIVITY"
161-->src/main/AndroidManifest.xml:20:17-63
162                android:value=".HomeScreen" />
162-->src/main/AndroidManifest.xml:21:17-46
163        </activity>
164        <activity
164-->src/main/AndroidManifest.xml:144:9-151:20
165            android:name="com.example.theplug.ReviewsBuyerActivity"
165-->src/main/AndroidManifest.xml:145:13-49
166            android:theme="@style/Theme.AppCompat.Light" >
166-->src/main/AndroidManifest.xml:146:13-57
167
168            <!-- The meta-data tag is required if you support API level 15 and lower -->
169            <meta-data
169-->src/main/AndroidManifest.xml:19:13-21:49
170                android:name="android.support.PARENT_ACTIVITY"
170-->src/main/AndroidManifest.xml:20:17-63
171                android:value=".HomeScreen" />
171-->src/main/AndroidManifest.xml:21:17-46
172        </activity>
173        <activity
173-->src/main/AndroidManifest.xml:153:9-160:20
174            android:name="com.example.theplug.OtherUserProfileActivity"
174-->src/main/AndroidManifest.xml:154:13-53
175            android:theme="@style/Theme.AppCompat.Light" >
175-->src/main/AndroidManifest.xml:155:13-57
176
177            <!-- The meta-data tag is required if you support API level 15 and lower -->
178            <meta-data
178-->src/main/AndroidManifest.xml:19:13-21:49
179                android:name="android.support.PARENT_ACTIVITY"
179-->src/main/AndroidManifest.xml:20:17-63
180                android:value=".ViewProductActivity" />
180-->src/main/AndroidManifest.xml:21:17-46
181        </activity>
182        <activity
182-->src/main/AndroidManifest.xml:162:9-169:20
183            android:name="com.example.theplug.NotificationActivity"
183-->src/main/AndroidManifest.xml:163:13-49
184            android:theme="@style/Theme.AppCompat.Light" >
184-->src/main/AndroidManifest.xml:164:13-57
185
186            <!-- The meta-data tag is required if you support API level 15 and lower -->
187            <meta-data
187-->src/main/AndroidManifest.xml:19:13-21:49
188                android:name="android.support.PARENT_ACTIVITY"
188-->src/main/AndroidManifest.xml:20:17-63
189                android:value=".HomeScreen" />
189-->src/main/AndroidManifest.xml:21:17-46
190        </activity>
191        <activity
191-->src/main/AndroidManifest.xml:171:9-178:20
192            android:name="com.example.theplug.ReportActivity"
192-->src/main/AndroidManifest.xml:172:13-43
193            android:theme="@style/Theme.AppCompat.Light" >
193-->src/main/AndroidManifest.xml:173:13-57
194
195            <!-- The meta-data tag is required if you support API level 15 and lower -->
196            <meta-data
196-->src/main/AndroidManifest.xml:19:13-21:49
197                android:name="android.support.PARENT_ACTIVITY"
197-->src/main/AndroidManifest.xml:20:17-63
198                android:value=".OtherUserProfileActivity" />
198-->src/main/AndroidManifest.xml:21:17-46
199        </activity>
200
201        <service
201-->[com.google.firebase:firebase-database:19.2.1] AndroidManifest.xml:29:9-35:19
202            android:name="com.google.firebase.components.ComponentDiscoveryService"
202-->[com.google.firebase:firebase-database:19.2.1] AndroidManifest.xml:30:13-84
203            android:directBootAware="true"
203-->[com.google.firebase:firebase-common:19.3.0] AndroidManifest.xml:34:13-43
204            android:exported="false" >
204-->[com.google.firebase:firebase-database:19.2.1] AndroidManifest.xml:31:13-37
205            <meta-data
205-->[com.google.firebase:firebase-database:19.2.1] AndroidManifest.xml:32:13-34:85
206                android:name="com.google.firebase.components:com.google.firebase.database.DatabaseRegistrar"
206-->[com.google.firebase:firebase-database:19.2.1] AndroidManifest.xml:33:17-109
207                android:value="com.google.firebase.components.ComponentRegistrar" />
207-->[com.google.firebase:firebase-database:19.2.1] AndroidManifest.xml:34:17-82
208            <meta-data
208-->[com.google.firebase:firebase-auth:19.3.0] AndroidManifest.xml:36:13-38:85
209                android:name="com.google.firebase.components:com.google.firebase.auth.FirebaseAuthRegistrar"
209-->[com.google.firebase:firebase-auth:19.3.0] AndroidManifest.xml:37:17-109
210                android:value="com.google.firebase.components.ComponentRegistrar" />
210-->[com.google.firebase:firebase-auth:19.3.0] AndroidManifest.xml:38:17-82
211        </service>
212
213        <activity
213-->[com.google.firebase:firebase-auth:19.3.0] AndroidManifest.xml:24:9-31:50
214            android:name="com.google.firebase.auth.internal.FederatedSignInActivity"
214-->[com.google.firebase:firebase-auth:19.3.0] AndroidManifest.xml:25:13-85
215            android:excludeFromRecents="true"
215-->[com.google.firebase:firebase-auth:19.3.0] AndroidManifest.xml:26:13-46
216            android:exported="true"
216-->[com.google.firebase:firebase-auth:19.3.0] AndroidManifest.xml:27:13-36
217            android:launchMode="singleTask"
217-->[com.google.firebase:firebase-auth:19.3.0] AndroidManifest.xml:28:13-44
218            android:permission="com.google.firebase.auth.api.gms.permission.LAUNCH_FEDERATED_SIGN_IN"
218-->[com.google.firebase:firebase-auth:19.3.0] AndroidManifest.xml:29:13-102
219            android:theme="@android:style/Theme.Translucent.NoTitleBar" />
219-->[com.google.firebase:firebase-auth:19.3.0] AndroidManifest.xml:30:13-72
220
221        <provider
221-->[com.google.firebase:firebase-common:19.3.0] AndroidManifest.xml:26:9-30:39
222            android:name="com.google.firebase.provider.FirebaseInitProvider"
222-->[com.google.firebase:firebase-common:19.3.0] AndroidManifest.xml:27:13-77
223            android:authorities="com.example.theplug.firebaseinitprovider"
223-->[com.google.firebase:firebase-common:19.3.0] AndroidManifest.xml:28:13-72
224            android:exported="false"
224-->[com.google.firebase:firebase-common:19.3.0] AndroidManifest.xml:29:13-37
225            android:initOrder="100" />
225-->[com.google.firebase:firebase-common:19.3.0] AndroidManifest.xml:30:13-36
226
227        <activity
227-->[com.google.android.gms:play-services-base:17.1.0] AndroidManifest.xml:23:9-26:75
228            android:name="com.google.android.gms.common.api.GoogleApiActivity"
228-->[com.google.android.gms:play-services-base:17.1.0] AndroidManifest.xml:24:13-79
229            android:exported="false"
229-->[com.google.android.gms:play-services-base:17.1.0] AndroidManifest.xml:25:13-37
230            android:theme="@android:style/Theme.Translucent.NoTitleBar" />
230-->[com.google.android.gms:play-services-base:17.1.0] AndroidManifest.xml:26:13-72
231
232        <meta-data
232-->[com.google.android.gms:play-services-basement:17.0.0] AndroidManifest.xml:23:9-25:69
233            android:name="com.google.android.gms.version"
233-->[com.google.android.gms:play-services-basement:17.0.0] AndroidManifest.xml:24:13-58
234            android:value="@integer/google_play_services_version" />
234-->[com.google.android.gms:play-services-basement:17.0.0] AndroidManifest.xml:25:13-66
235    </application>
236
237</manifest>